  Appliances.cpp
D:\Лабы РФиКТ\Task 6.1\Task 6.1\Appliances.cpp(8,27): warning C4267: инициализация: преобразование из "size_t" в "int"; возможна потеря данных
D:\Лабы РФиКТ\Task 6.1\Task 6.1\Appliances.cpp(18,27): warning C4267: инициализация: преобразование из "size_t" в "int"; возможна потеря данных
D:\Лабы РФиКТ\Task 6.1\Task 6.1\Appliances.cpp(29,27): warning C4267: инициализация: преобразование из "size_t" в "int"; возможна потеря данных
D:\Лабы РФиКТ\Task 6.1\Task 6.1\Appliances.cpp(40,27): warning C4267: инициализация: преобразование из "size_t" в "int"; возможна потеря данных
D:\Лабы РФиКТ\Task 6.1\Task 6.1\Appliances.cpp(52,27): warning C4267: инициализация: преобразование из "size_t" в "int"; возможна потеря данных
D:\Лабы РФиКТ\Task 6.1\Task 6.1\Appliances.cpp(69,19): warning C4267: инициализация: преобразование из "size_t" в "int"; возможна потеря данных
  Outerwear.cpp
D:\Лабы РФиКТ\Task 6.1\Task 6.1\Outerwear.cpp(8,21): warning C4267: инициализация: преобразование из "size_t" в "int"; возможна потеря данных
D:\Лабы РФиКТ\Task 6.1\Task 6.1\Outerwear.cpp(18,21): warning C4267: инициализация: преобразование из "size_t" в "int"; возможна потеря данных
D:\Лабы РФиКТ\Task 6.1\Task 6.1\Outerwear.cpp(29,21): warning C4267: инициализация: преобразование из "size_t" в "int"; возможна потеря данных
D:\Лабы РФиКТ\Task 6.1\Task 6.1\Outerwear.cpp(45,21): warning C4267: инициализация: преобразование из "size_t" в "int"; возможна потеря данных
D:\Лабы РФиКТ\Task 6.1\Task 6.1\Outerwear.cpp(57,21): warning C4267: инициализация: преобразование из "size_t" в "int"; возможна потеря данных
D:\Лабы РФиКТ\Task 6.1\Task 6.1\Outerwear.cpp(69,19): warning C4267: инициализация: преобразование из "size_t" в "int"; возможна потеря данных
  Product.cpp
D:\Лабы РФиКТ\Task 6.1\Task 6.1\Product.cpp(8,19): warning C4267: инициализация: преобразование из "size_t" в "int"; возможна потеря данных
D:\Лабы РФиКТ\Task 6.1\Task 6.1\Product.cpp(19,19): warning C4267: инициализация: преобразование из "size_t" в "int"; возможна потеря данных
D:\Лабы РФиКТ\Task 6.1\Task 6.1\Product.cpp(30,19): warning C4267: инициализация: преобразование из "size_t" в "int"; возможна потеря данных
D:\Лабы РФиКТ\Task 6.1\Task 6.1\Product.cpp(42,19): warning C4267: инициализация: преобразование из "size_t" в "int"; возможна потеря данных
D:\Лабы РФиКТ\Task 6.1\Task 6.1\Product.cpp(55,19): warning C4267: инициализация: преобразование из "size_t" в "int"; возможна потеря данных
D:\Лабы РФиКТ\Task 6.1\Task 6.1\Product.cpp(74,19): warning C4267: инициализация: преобразование из "size_t" в "int"; возможна потеря данных
  Sportswear.cpp
  Task 6.1.cpp
  Underwear.cpp
  Wear.cpp
D:\Лабы РФиКТ\Task 6.1\Task 6.1\Wear.cpp(9,23): warning C4267: инициализация: преобразование из "size_t" в "int"; возможна потеря данных
D:\Лабы РФиКТ\Task 6.1\Task 6.1\Wear.cpp(20,23): warning C4267: инициализация: преобразование из "size_t" в "int"; возможна потеря данных
D:\Лабы РФиКТ\Task 6.1\Task 6.1\Wear.cpp(32,23): warning C4267: инициализация: преобразование из "size_t" в "int"; возможна потеря данных
D:\Лабы РФиКТ\Task 6.1\Task 6.1\Wear.cpp(44,23): warning C4267: инициализация: преобразование из "size_t" в "int"; возможна потеря данных
D:\Лабы РФиКТ\Task 6.1\Task 6.1\Wear.cpp(58,23): warning C4267: инициализация: преобразование из "size_t" в "int"; возможна потеря данных
D:\Лабы РФиКТ\Task 6.1\Task 6.1\Wear.cpp(80,19): warning C4267: инициализация: преобразование из "size_t" в "int"; возможна потеря данных
  Создание кода...
  Task 6.1.vcxproj -> D:\Лабы РФиКТ\Task 6.1\x64\Debug\Task 6.1.exe
